
> frontend@0.1.0 dev
> next dev

▲ Next.js 16.1.1 (Turbopack)
- Local:         http://localhost:3000
- Network:       http://10.1.79.82:3000

✓ Starting...
✓ Ready in 1963ms
 HEAD / 307 in 574ms (compile: 400ms, render: 175ms)

thread 'tokio-runtime-worker' (1391484) panicked at /Users/vercel/dev/actions-runner/_work/next.js/next.js/turbopack/crates/turbo-tasks-backend/src/backend/operation/mod.rs:156:17:
Failed to restore task data (corrupted database or bug): Data for Pattern::new_internal (TaskId 12381))

Caused by:
    0: Looking up data for TaskId 12381 from database failed
    1: Unable to open static sorted file referenced from 00000048.meta
    2: Unable to open static sorted file 00000043.sst
    3: No such file or directory (os error 2)
note: run with `RUST_BACKTRACE=1` environment variable to display a backtrace

thread 'tokio-runtime-worker' (1391486) panicked at /Users/vercel/dev/actions-runner/_work/next.js/next.js/turbopack/crates/turbo-tasks-backend/src/backend/operation/mod.rs:156:17:
Failed to restore task data (corrupted database or bug): Data for Pattern::new_internal (TaskId 12388))

Caused by:
    0: Looking up data for TaskId 12388 from database failed
    1: Unable to open static sorted file referenced from 00000048.meta
    2: Unable to open static sorted file 00000043.sst
    3: No such file or directory (os error 2)

thread 'tokio-runtime-worker' (1415438) panicked at /Users/vercel/dev/actions-runner/_work/next.js/next.js/turbopack/crates/turbo-tasks-backend/src/backend/operation/mod.rs:156:17:
Failed to restore task data (corrupted database or bug): Data for <EcmascriptModuleAsset as ResolveOrigin>::asset_context (TaskId 11885))

Caused by:
    0: Looking up data for TaskId 11885 from database failed
    1: Unable to open static sorted file referenced from 00000048.meta
    2: Unable to open static sorted file 00000043.sst
    3: No such file or directory (os error 2)

thread 'tokio-runtime-worker' (1445753) panicked at /Users/vercel/dev/actions-runner/_work/next.js/next.js/turbopack/crates/turbo-tasks-backend/src/backend/operation/mod.rs:156:17:
Failed to restore task data (corrupted database or bug): Data for <CjsRequireAssetReference as ModuleReference>::resolve_reference (TaskId 11860))

Caused by:
    0: Looking up data for TaskId 11860 from database failed
    1: Unable to open static sorted file referenced from 00000048.meta
    2: Unable to open static sorted file 00000043.sst
    3: No such file or directory (os error 2)

thread 'tokio-runtime-worker' (1391484) panicked at /Users/vercel/dev/actions-runner/_work/next.js/next.js/turbopack/crates/turbo-tasks-backend/src/backend/operation/mod.rs:156:17:
Failed to restore task data (corrupted database or bug): Data for Glob::new (TaskId 556))

Caused by:
    0: Looking up data for TaskId 556 from database failed
    1: Unable to open static sorted file referenced from 00000048.meta
    2: Unable to open static sorted file 00000043.sst
    3: No such file or directory (os error 2)

thread 'tokio-runtime-worker' (1415438) panicked at /Users/vercel/dev/actions-runner/_work/next.js/next.js/turbopack/crates/turbo-tasks-backend/src/backend/operation/mod.rs:156:17:
Failed to restore task data (corrupted database or bug): Data for <CjsRequireAssetReference as ModuleReference>::resolve_reference (TaskId 11860))

Caused by:
    0: Looking up data for TaskId 11860 from database failed
    1: Unable to open static sorted file referenced from 00000048.meta
    2: Unable to open static sorted file 00000043.sst
    3: No such file or directory (os error 2)

thread 'tokio-runtime-worker' (1445753) panicked at /Users/vercel/dev/actions-runner/_work/next.js/next.js/turbopack/crates/turbo-tasks-backend/src/backend/operation/mod.rs:156:17:
Failed to restore task data (corrupted database or bug): Data for <CjsRequireAssetReference as ModuleReference>::resolve_reference (TaskId 11860))

Caused by:
    0: Looking up data for TaskId 11860 from database failed
    1: Unable to open static sorted file referenced from 00000048.meta
    2: Unable to open static sorted file 00000043.sst
    3: No such file or directory (os error 2)

thread 'tokio-runtime-worker' (1391491) panicked at /Users/vercel/dev/actions-runner/_work/next.js/next.js/turbopack/crates/turbo-tasks-backend/src/backend/operation/mod.rs:156:17:
Failed to restore task data (corrupted database or bug): Data for primary_chunkable_referenced_modules (TaskId 13097))

Caused by:
    0: Looking up data for TaskId 13097 from database failed
    1: Unable to open static sorted file referenced from 00000048.meta
    2: Unable to open static sorted file 00000043.sst
    3: No such file or directory (os error 2)

thread 'tokio-runtime-worker' (1445753) panicked at /Users/vercel/dev/actions-runner/_work/next.js/next.js/turbopack/crates/turbo-tasks-backend/src/backend/operation/mod.rs:156:17:
Failed to restore task data (corrupted database or bug): Data for primary_chunkable_referenced_modules (TaskId 13097))

Caused by:
    0: Looking up data for TaskId 13097 from database failed
    1: Unable to open static sorted file referenced from 00000048.meta
    2: Unable to open static sorted file 00000043.sst
    3: No such file or directory (os error 2)

thread 'tokio-runtime-worker' (1445753) panicked at /Users/vercel/dev/actions-runner/_work/next.js/next.js/turbopack/crates/turbo-tasks-backend/src/backend/operation/mod.rs:156:17:
Failed to restore task data (corrupted database or bug): Data for primary_chunkable_referenced_modules (TaskId 13097))

Caused by:
    0: Looking up data for TaskId 13097 from database failed
    1: Unable to open static sorted file referenced from 00000048.meta
    2: Unable to open static sorted file 00000043.sst
    3: No such file or directory (os error 2)

thread 'tokio-runtime-worker' (1391484) panicked at /Users/vercel/dev/actions-runner/_work/next.js/next.js/turbopack/crates/turbo-tasks-backend/src/backend/operation/mod.rs:156:17:
Failed to restore task data (corrupted database or bug): Data for <ModuleAssetContext as AssetContext>::process (TaskId 22734))

Caused by:
    0: Looking up data for TaskId 22734 from database failed
    1: Unable to open static sorted file referenced from 00000048.meta
    2: Unable to open static sorted file 00000043.sst
    3: No such file or directory (os error 2)

thread 'tokio-runtime-worker' (1445753) panicked at /Users/vercel/dev/actions-runner/_work/next.js/next.js/turbopack/crates/turbo-tasks-backend/src/backend/operation/mod.rs:156:17:
Failed to restore task data (corrupted database or bug): Data for EcmascriptExports::split_locals_and_reexports (TaskId 13010))

Caused by:
    0: Looking up data for TaskId 13010 from database failed
    1: Unable to open static sorted file referenced from 00000048.meta
    2: Unable to open static sorted file 00000043.sst
    3: No such file or directory (os error 2)
Persisting failed: Unable to open static sorted file referenced from 00000058.meta

Caused by:
    0: Unable to open static sorted file 00000057.sst
    1: No such file or directory (os error 2)

thread 'tokio-runtime-worker' (1415474) panicked at /Users/vercel/dev/actions-runner/_work/next.js/next.js/turbopack/crates/turbo-tasks-backend/src/backend/operation/mod.rs:156:17:
Failed to restore task data (corrupted database or bug): Data for Glob::new (TaskId 556))

Caused by:
    0: Looking up data for TaskId 556 from database failed
    1: Unable to open static sorted file referenced from 00000048.meta
    2: Unable to open static sorted file 00000043.sst
    3: No such file or directory (os error 2)

thread 'tokio-runtime-worker' (1415474) panicked at /Users/vercel/dev/actions-runner/_work/next.js/next.js/turbopack/crates/turbo-tasks-backend/src/backend/operation/mod.rs:156:17:
Failed to restore task data (corrupted database or bug): Meta for <ModuleAssetContext as AssetContext>::process (TaskId 3450))

Caused by:
    0: Looking up data for TaskId 3450 from database failed
    1: Unable to open static sorted file referenced from 00000060.meta
    2: Unable to open static sorted file 00000056.sst
    3: No such file or directory (os error 2)
Persisting failed: Another write batch or compaction is already active (Only a single write operations is allowed at a time)

thread 'tokio-runtime-worker' (1449542) panicked at /Users/vercel/dev/actions-runner/_work/next.js/next.js/turbopack/crates/turbo-tasks-backend/src/backend/operation/mod.rs:156:17:
Failed to restore task data (corrupted database or bug): Meta for read_dir (TaskId 101767))

Caused by:
    0: Looking up data for TaskId 101767 from database failed
    1: Unable to open static sorted file referenced from 00000060.meta
    2: Unable to open static sorted file 00000056.sst
    3: No such file or directory (os error 2)

thread 'tokio-runtime-worker' (1449542) panicked at /Users/vercel/dev/actions-runner/_work/next.js/next.js/turbopack/crates/turbo-tasks-backend/src/backend/operation/mod.rs:156:17:
Failed to restore task data (corrupted database or bug): Meta for read_dir (TaskId 101767))

Caused by:
    0: Looking up data for TaskId 101767 from database failed
    1: Unable to open static sorted file referenced from 00000060.meta
    2: Unable to open static sorted file 00000056.sst
    3: No such file or directory (os error 2)
Persisting failed: Another write batch or compaction is already active (Only a single write operations is allowed at a time)

thread 'tokio-runtime-worker' (1449541) panicked at /Users/vercel/dev/actions-runner/_work/next.js/next.js/turbopack/crates/turbo-tasks-backend/src/backend/operation/mod.rs:156:17:
Failed to restore task data (corrupted database or bug): Meta for try_get_next_package (TaskId 92))

Caused by:
    0: Looking up data for TaskId 92 from database failed
    1: Unable to open static sorted file referenced from 00000060.meta
    2: Unable to open static sorted file 00000056.sst
    3: No such file or directory (os error 2)

thread 'tokio-runtime-worker' (1449542) panicked at /Users/vercel/dev/actions-runner/_work/next.js/next.js/turbopack/crates/turbo-tasks-backend/src/backend/operation/mod.rs:156:17:
Failed to restore task data (corrupted database or bug): Meta for try_get_next_package (TaskId 92))

Caused by:
    0: Looking up data for TaskId 92 from database failed
    1: Unable to open static sorted file referenced from 00000060.meta
    2: Unable to open static sorted file 00000056.sst
    3: No such file or directory (os error 2)

thread 'tokio-runtime-worker' (1454351) panicked at /Users/vercel/dev/actions-runner/_work/next.js/next.js/turbopack/crates/turbo-tasks-backend/src/backend/operation/mod.rs:156:17:
Failed to restore task data (corrupted database or bug): Meta for try_get_next_package (TaskId 92))

Caused by:
    0: Looking up data for TaskId 92 from database failed
    1: Unable to open static sorted file referenced from 00000060.meta
    2: Unable to open static sorted file 00000056.sst
    3: No such file or directory (os error 2)

thread 'tokio-runtime-worker' (1391489) panicked at /Users/vercel/dev/actions-runner/_work/next.js/next.js/turbopack/crates/turbo-tasks-backend/src/backend/operation/mod.rs:156:17:
Failed to restore task data (corrupted database or bug): Meta for try_get_next_package (TaskId 92))

Caused by:
    0: Looking up data for TaskId 92 from database failed
    1: Unable to open static sorted file referenced from 00000060.meta
    2: Unable to open static sorted file 00000056.sst
    3: No such file or directory (os error 2)

thread 'tokio-runtime-worker' (1415474) panicked at /Users/vercel/dev/actions-runner/_work/next.js/next.js/turbopack/crates/turbo-tasks-backend/src/backend/operation/mod.rs:156:17:
Failed to restore task data (corrupted database or bug): Meta for try_get_next_package (TaskId 92))

Caused by:
    0: Looking up data for TaskId 92 from database failed
    1: Unable to open static sorted file referenced from 00000060.meta
    2: Unable to open static sorted file 00000056.sst
    3: No such file or directory (os error 2)

thread 'tokio-runtime-worker' (1391491) panicked at /Users/vercel/dev/actions-runner/_work/next.js/next.js/turbopack/crates/turbo-tasks-backend/src/backend/operation/mod.rs:156:17:
Failed to restore task data (corrupted database or bug): Meta for try_get_next_package (TaskId 92))

Caused by:
    0: Looking up data for TaskId 92 from database failed
    1: Unable to open static sorted file referenced from 00000060.meta
    2: Unable to open static sorted file 00000056.sst
    3: No such file or directory (os error 2)

thread 'tokio-runtime-worker' (1391485) panicked at /Users/vercel/dev/actions-runner/_work/next.js/next.js/turbopack/crates/turbo-tasks-backend/src/backend/operation/mod.rs:156:17:
Failed to restore task data (corrupted database or bug): Meta for try_get_next_package (TaskId 92))

Caused by:
    0: Looking up data for TaskId 92 from database failed
    1: Unable to open static sorted file referenced from 00000060.meta
    2: Unable to open static sorted file 00000056.sst
    3: No such file or directory (os error 2)

thread 'tokio-runtime-worker' (1473431) panicked at /Users/vercel/dev/actions-runner/_work/next.js/next.js/turbopack/crates/turbo-tasks-backend/src/backend/operation/mod.rs:156:17:
Failed to restore task data (corrupted database or bug): Meta for try_get_next_package (TaskId 92))

Caused by:
    0: Looking up data for TaskId 92 from database failed
    1: Unable to open static sorted file referenced from 00000060.meta
    2: Unable to open static sorted file 00000056.sst
    3: No such file or directory (os error 2)

thread 'tokio-runtime-worker' (1454345) panicked at /Users/vercel/dev/actions-runner/_work/next.js/next.js/turbopack/crates/turbo-tasks-backend/src/backend/operation/mod.rs:156:17:
Failed to restore task data (corrupted database or bug): Meta for try_get_next_package (TaskId 92))

Caused by:
    0: Looking up data for TaskId 92 from database failed
    1: Unable to open static sorted file referenced from 00000060.meta
    2: Unable to open static sorted file 00000056.sst
    3: No such file or directory (os error 2)

thread 'tokio-runtime-worker' (1415438) panicked at /Users/vercel/dev/actions-runner/_work/next.js/next.js/turbopack/crates/turbo-tasks-backend/src/backend/operation/mod.rs:156:17:
Failed to restore task data (corrupted database or bug): Meta for try_get_next_package (TaskId 92))

Caused by:
    0: Looking up data for TaskId 92 from database failed
    1: Unable to open static sorted file referenced from 00000060.meta
    2: Unable to open static sorted file 00000056.sst
    3: No such file or directory (os error 2)

thread 'tokio-runtime-worker' (1454351) panicked at /Users/vercel/dev/actions-runner/_work/next.js/next.js/turbopack/crates/turbo-tasks-backend/src/backend/operation/mod.rs:156:17:
Failed to restore task data (corrupted database or bug): Meta for try_get_next_package (TaskId 92))

Caused by:
    0: Looking up data for TaskId 92 from database failed
    1: Unable to open static sorted file referenced from 00000060.meta
    2: Unable to open static sorted file 00000056.sst
    3: No such file or directory (os error 2)

thread 'tokio-runtime-worker' (1415474) panicked at /Users/vercel/dev/actions-runner/_work/next.js/next.js/turbopack/crates/turbo-tasks-backend/src/backend/operation/mod.rs:156:17:
Failed to restore task data (corrupted database or bug): Meta for try_get_next_package (TaskId 92))

Caused by:
    0: Looking up data for TaskId 92 from database failed
    1: Unable to open static sorted file referenced from 00000060.meta
    2: Unable to open static sorted file 00000056.sst
    3: No such file or directory (os error 2)

thread 'tokio-runtime-worker' (1454345) panicked at /Users/vercel/dev/actions-runner/_work/next.js/next.js/turbopack/crates/turbo-tasks-backend/src/backend/operation/mod.rs:156:17:
Failed to restore task data (corrupted database or bug): Meta for try_get_next_package (TaskId 92))

Caused by:
    0: Looking up data for TaskId 92 from database failed
    1: Unable to open static sorted file referenced from 00000060.meta
    2: Unable to open static sorted file 00000056.sst
    3: No such file or directory (os error 2)

thread 'tokio-runtime-worker' (1391489) panicked at /Users/vercel/dev/actions-runner/_work/next.js/next.js/turbopack/crates/turbo-tasks-backend/src/backend/operation/mod.rs:156:17:
Failed to restore task data (corrupted database or bug): Meta for try_get_next_package (TaskId 92))

Caused by:
    0: Looking up data for TaskId 92 from database failed
    1: Unable to open static sorted file referenced from 00000060.meta
    2: Unable to open static sorted file 00000056.sst
    3: No such file or directory (os error 2)

thread 'tokio-runtime-worker' (1449541) panicked at /Users/vercel/dev/actions-runner/_work/next.js/next.js/turbopack/crates/turbo-tasks-backend/src/backend/operation/mod.rs:156:17:
Failed to restore task data (corrupted database or bug): Meta for try_get_next_package (TaskId 92))

Caused by:
    0: Looking up data for TaskId 92 from database failed
    1: Unable to open static sorted file referenced from 00000060.meta
    2: Unable to open static sorted file 00000056.sst
    3: No such file or directory (os error 2)

thread 'tokio-runtime-worker' (1473431) panicked at /Users/vercel/dev/actions-runner/_work/next.js/next.js/turbopack/crates/turbo-tasks-backend/src/backend/operation/mod.rs:156:17:
Failed to restore task data (corrupted database or bug): Meta for try_get_next_package (TaskId 92))

Caused by:
    0: Looking up data for TaskId 92 from database failed
    1: Unable to open static sorted file referenced from 00000060.meta
    2: Unable to open static sorted file 00000056.sst
    3: No such file or directory (os error 2)

thread 'tokio-runtime-worker' (1391485) panicked at /Users/vercel/dev/actions-runner/_work/next.js/next.js/turbopack/crates/turbo-tasks-backend/src/backend/operation/mod.rs:156:17:
Failed to restore task data (corrupted database or bug): Meta for try_get_next_package (TaskId 92))

Caused by:
    0: Looking up data for TaskId 92 from database failed
    1: Unable to open static sorted file referenced from 00000060.meta
    2: Unable to open static sorted file 00000056.sst
    3: No such file or directory (os error 2)

thread 'tokio-runtime-worker' (1391491) panicked at /Users/vercel/dev/actions-runner/_work/next.js/next.js/turbopack/crates/turbo-tasks-backend/src/backend/operation/mod.rs:156:17:
Failed to restore task data (corrupted database or bug): Meta for try_get_next_package (TaskId 92))

Caused by:
    0: Looking up data for TaskId 92 from database failed
    1: Unable to open static sorted file referenced from 00000060.meta
    2: Unable to open static sorted file 00000056.sst
    3: No such file or directory (os error 2)

thread 'tokio-runtime-worker' (1449542) panicked at /Users/vercel/dev/actions-runner/_work/next.js/next.js/turbopack/crates/turbo-tasks-backend/src/backend/operation/mod.rs:156:17:
Failed to restore task data (corrupted database or bug): Meta for try_get_next_package (TaskId 92))

Caused by:
    0: Looking up data for TaskId 92 from database failed
    1: Unable to open static sorted file referenced from 00000060.meta
    2: Unable to open static sorted file 00000056.sst
    3: No such file or directory (os error 2)
Persisting failed: Another write batch or compaction is already active (Only a single write operations is allowed at a time)

thread 'tokio-runtime-worker' (1445586) panicked at /Users/vercel/dev/actions-runner/_work/next.js/next.js/turbopack/crates/turbo-tasks-backend/src/backend/operation/mod.rs:156:17:
Failed to restore task data (corrupted database or bug): Data for get_type (TaskId 124))

Caused by:
    0: Looking up data for TaskId 124 from database failed
    1: Unable to open static sorted file referenced from 00000048.meta
    2: Unable to open static sorted file 00000043.sst
    3: No such file or directory (os error 2)

thread 'tokio-runtime-worker' (1445586) panicked at /Users/vercel/dev/actions-runner/_work/next.js/next.js/turbopack/crates/turbo-tasks-backend/src/backend/operation/mod.rs:156:17:
Failed to restore task data (corrupted database or bug): Data for get_type (TaskId 124))

Caused by:
    0: Looking up data for TaskId 124 from database failed
    1: Unable to open static sorted file referenced from 00000048.meta
    2: Unable to open static sorted file 00000043.sst
    3: No such file or directory (os error 2)

thread 'tokio-runtime-worker' (1391484) panicked at /Users/vercel/dev/actions-runner/_work/next.js/next.js/turbopack/crates/turbo-tasks-backend/src/backend/operation/mod.rs:156:17:
Failed to restore task data (corrupted database or bug): Meta for directory_tree_to_entrypoints_internal (TaskId 101785))

Caused by:
    0: Looking up data for TaskId 101785 from database failed
    1: Unable to open static sorted file referenced from 00000060.meta
    2: Unable to open static sorted file 00000056.sst
    3: No such file or directory (os error 2)

thread 'tokio-runtime-worker' (1391484) panicked at /Users/vercel/dev/actions-runner/_work/next.js/next.js/turbopack/crates/turbo-tasks-backend/src/backend/operation/mod.rs:156:17:
Failed to restore task data (corrupted database or bug): Meta for directory_tree_to_entrypoints_internal (TaskId 101785))

Caused by:
    0: Looking up data for TaskId 101785 from database failed
    1: Unable to open static sorted file referenced from 00000060.meta
    2: Unable to open static sorted file 00000056.sst
    3: No such file or directory (os error 2)
Persisting failed: Another write batch or compaction is already active (Only a single write operations is allowed at a time)

thread 'tokio-runtime-worker' (1415474) panicked at /Users/vercel/dev/actions-runner/_work/next.js/next.js/turbopack/crates/turbo-tasks-backend/src/backend/operation/mod.rs:156:17:
Failed to restore task data (corrupted database or bug): Meta for compile_time_info_for_module_options (TaskId 895))

Caused by:
    0: Looking up data for TaskId 895 from database failed
    1: Unable to open static sorted file referenced from 00000060.meta
    2: Unable to open static sorted file 00000056.sst
    3: No such file or directory (os error 2)

thread 'tokio-runtime-worker' (1473431) panicked at /Users/vercel/dev/actions-runner/_work/next.js/next.js/turbopack/crates/turbo-tasks-backend/src/backend/operation/mod.rs:156:17:
Failed to restore task data (corrupted database or bug): Meta for compile_time_info_for_module_options (TaskId 895))

Caused by:
    0: Looking up data for TaskId 895 from database failed
    1: Unable to open static sorted file referenced from 00000060.meta
    2: Unable to open static sorted file 00000056.sst
    3: No such file or directory (os error 2)

thread 'tokio-runtime-worker' (1454345) panicked at /Users/vercel/dev/actions-runner/_work/next.js/next.js/turbopack/crates/turbo-tasks-backend/src/backend/operation/mod.rs:156:17:
Failed to restore task data (corrupted database or bug): Meta for compile_time_info_for_module_options (TaskId 895))

Caused by:
    0: Looking up data for TaskId 895 from database failed
    1: Unable to open static sorted file referenced from 00000060.meta
    2: Unable to open static sorted file 00000056.sst
    3: No such file or directory (os error 2)
Persisting failed: Another write batch or compaction is already active (Only a single write operations is allowed at a time)
Persisting failed: Another write batch or compaction is already active (Only a single write operations is allowed at a time)
Persisting failed: Another write batch or compaction is already active (Only a single write operations is allowed at a time)
Persisting failed: Another write batch or compaction is already active (Only a single write operations is allowed at a time)
Persisting failed: Another write batch or compaction is already active (Only a single write operations is allowed at a time)
